19:20:31.510 [main] INFO  testCases.TC002_LoginTest - before hit URL...
19:20:32.075 [main] INFO  testCases.TC002_LoginTest - hit URL...
19:20:32.183 [main] INFO  testCases.TC002_LoginTest - Starting TC002_LoginTest...
19:20:32.685 [main] INFO  testCases.TC002_LoginTest - Clicked my Account
19:20:33.121 [main] INFO  testCases.TC002_LoginTest - Clicked Login
19:20:36.266 [main] INFO  testCases.TC002_LoginTest - Email id received..
19:20:39.392 [main] INFO  testCases.TC002_LoginTest - Password received..
19:20:42.834 [main] INFO  testCases.TC002_LoginTest - Clicked Login button with credential..
19:20:45.916 [main] INFO  testCases.TC002_LoginTest - Validating web element- MY ACCOUNT.....
19:20:45.918 [main] INFO  testCases.TC002_LoginTest - Validation successful..
19:20:45.920 [main] INFO  testCases.TC002_LoginTest - ***TC002 finished***
19:21:07.590 [main] INFO  testCases.TC002_LoginTest - Using local execution process..
19:21:09.772 [main] INFO  testCases.TC002_LoginTest - Chrome browser launched..
19:21:09.828 [main] INFO  testCases.TC002_LoginTest - before hit URL...
19:21:10.280 [main] INFO  testCases.TC002_LoginTest - hit URL...
19:21:10.601 [main] INFO  testCases.TC002_LoginTest - Starting TC002_LoginTest...
19:25:53.447 [main] INFO  testCases.TC002_LoginTest - Using local execution process..
19:25:54.992 [main] INFO  testCases.TC002_LoginTest - Chrome browser launched..
19:25:55.006 [main] INFO  testCases.TC002_LoginTest - before hit URL...
19:25:55.512 [main] INFO  testCases.TC002_LoginTest - hit URL...
19:25:55.581 [main] INFO  testCases.TC002_LoginTest - Starting TC002_LoginTest...
19:25:56.179 [main] INFO  testCases.TC002_LoginTest - Clicked my Account
19:25:56.667 [main] INFO  testCases.TC002_LoginTest - Clicked Login
19:25:59.797 [main] INFO  testCases.TC002_LoginTest - Email id received..
19:26:02.886 [main] INFO  testCases.TC002_LoginTest - Password received..
19:26:06.337 [main] INFO  testCases.TC002_LoginTest - Clicked Login button with credential..
19:26:09.430 [main] INFO  testCases.TC002_LoginTest - Validating web element- MY ACCOUNT.....
19:26:09.433 [main] INFO  testCases.TC002_LoginTest - Validation successful..
19:26:09.434 [main] INFO  testCases.TC002_LoginTest - ***TC002 finished***
19:32:04.651 [main] INFO  testCases.TC002_LoginTest - Using local execution process..
19:32:06.774 [main] INFO  testCases.TC002_LoginTest - Chrome browser launched..
19:32:06.793 [main] INFO  testCases.TC002_LoginTest - before hit URL...
19:32:07.396 [main] INFO  testCases.TC002_LoginTest - hit URL...
19:32:07.443 [main] INFO  testCases.TC002_LoginTest - Starting TC002_LoginTest...
19:36:21.738 [main] INFO  testCases.TC002_LoginTest - Using local execution process..
19:36:23.230 [main] INFO  testCases.TC002_LoginTest - Chrome browser launched..
19:36:23.294 [main] INFO  testCases.TC002_LoginTest - before hit URL...
19:36:23.834 [main] INFO  testCases.TC002_LoginTest - hit URL...
19:36:23.902 [main] INFO  testCases.TC002_LoginTest - Starting TC002_LoginTest...
19:36:24.613 [main] INFO  testCases.TC002_LoginTest - Clicked my Account
19:36:25.162 [main] INFO  testCases.TC002_LoginTest - Clicked Login
19:36:28.291 [main] INFO  testCases.TC002_LoginTest - Email id received..
19:36:31.368 [main] INFO  testCases.TC002_LoginTest - Password received..
19:36:34.800 [main] INFO  testCases.TC002_LoginTest - Clicked Login button with credential..
19:36:37.874 [main] INFO  testCases.TC002_LoginTest - Validating web element- MY ACCOUNT.....
19:36:37.876 [main] INFO  testCases.TC002_LoginTest - Validation successful..
19:36:37.877 [main] INFO  testCases.TC002_LoginTest - ***TC002 finished***
19:37:18.444 [main] INFO  testCases.TC002_LoginTest - Using local execution process..
19:37:19.980 [main] INFO  testCases.TC002_LoginTest - Chrome browser launched..
19:37:19.997 [main] INFO  testCases.TC002_LoginTest - before hit URL...
19:37:20.594 [main] INFO  testCases.TC002_LoginTest - hit URL...
19:37:20.665 [main] INFO  testCases.TC002_LoginTest - Starting TC002_LoginTest...
19:37:21.186 [main] INFO  testCases.TC002_LoginTest - Clicked my Account
19:37:21.631 [main] INFO  testCases.TC002_LoginTest - Clicked Login
19:37:24.738 [main] INFO  testCases.TC002_LoginTest - Email id received..
19:37:27.834 [main] INFO  testCases.TC002_LoginTest - Password received..
19:37:31.603 [main] INFO  testCases.TC002_LoginTest - Clicked Login button with credential..
19:37:34.670 [main] INFO  testCases.TC002_LoginTest - Validating web element- MY ACCOUNT.....
19:37:34.676 [main] INFO  testCases.TC002_LoginTest - Validation successful..
19:37:34.676 [main] INFO  testCases.TC002_LoginTest - ***TC002 finished***
14:43:52.028 [main] INFO  testCases.TC002_LoginTest - Using local execution process..
14:43:54.491 [main] INFO  testCases.TC002_LoginTest - Chrome browser launched..
14:43:54.506 [main] INFO  testCases.TC002_LoginTest - before hit URL...
14:43:59.910 [main] INFO  testCases.TC002_LoginTest - hit URL...
