13:46:37.698 [main] INFO  testCases.TC002_LoginTest - Validating web element- MY ACCOUNT.....
13:48:33.395 [main] INFO  testCases.TC002_LoginTest - Using local execution process..
13:48:36.386 [main] INFO  testCases.TC002_LoginTest - Chrome browser launched..
13:48:36.407 [main] INFO  testCases.TC002_LoginTest - before hit URL...
13:48:37.318 [main] INFO  testCases.TC002_LoginTest - hit URL...
13:48:37.390 [main] INFO  testCases.TC002_LoginTest - Starting TC002_LoginTest...
13:48:37.986 [main] INFO  testCases.TC002_LoginTest - Clicked my Account
13:48:38.781 [main] INFO  testCases.TC002_LoginTest - Clicked Login
13:48:41.921 [main] INFO  testCases.TC002_LoginTest - Email id received..
13:48:45.019 [main] INFO  testCases.TC002_LoginTest - Password received..
13:48:48.490 [main] INFO  testCases.TC002_LoginTest - Clicked Login button with credential..
13:48:57.187 [main] INFO  testCases.TC002_LoginTest - Validating web element- MY ACCOUNT.....
13:49:18.209 [main] INFO  testCases.TC002_LoginTest - Using local execution process..
13:49:20.071 [main] INFO  testCases.TC002_LoginTest - Chrome browser launched..
13:49:20.090 [main] INFO  testCases.TC002_LoginTest - before hit URL...
13:49:20.952 [main] INFO  testCases.TC002_LoginTest - hit URL...
13:49:21.000 [main] INFO  testCases.TC002_LoginTest - Starting TC002_LoginTest...
13:49:21.574 [main] INFO  testCases.TC002_LoginTest - Clicked my Account
13:49:22.113 [main] INFO  testCases.TC002_LoginTest - Clicked Login
13:49:25.273 [main] INFO  testCases.TC002_LoginTest - Email id received..
13:49:28.400 [main] INFO  testCases.TC002_LoginTest - Password received..
13:49:33.344 [main] INFO  testCases.TC002_LoginTest - Clicked Login button with credential..
13:49:36.381 [main] INFO  testCases.TC002_LoginTest - Validating web element- MY ACCOUNT.....
13:49:36.383 [main] INFO  testCases.TC002_LoginTest - Validation successful..
13:49:36.384 [main] INFO  testCases.TC002_LoginTest - ***TC002 finished***
13:59:54.204 [main] INFO  testCases.TC002_LoginTest - Using local execution process..
13:59:56.025 [main] INFO  testCases.TC002_LoginTest - Chrome browser launched..
13:59:56.043 [main] INFO  testCases.TC002_LoginTest - before hit URL...
13:59:56.612 [main] INFO  testCases.TC002_LoginTest - hit URL...
13:59:56.669 [main] INFO  testCases.TC002_LoginTest - Starting TC002_LoginTest...
13:59:57.206 [main] INFO  testCases.TC002_LoginTest - Clicked my Account
13:59:57.647 [main] INFO  testCases.TC002_LoginTest - Clicked Login
14:00:00.772 [main] INFO  testCases.TC002_LoginTest - Email id received..
14:00:03.909 [main] INFO  testCases.TC002_LoginTest - Password received..
14:00:07.393 [main] INFO  testCases.TC002_LoginTest - Clicked Login button with credential..
14:00:10.494 [main] INFO  testCases.TC002_LoginTest - Validating web element- MY ACCOUNT.....
14:00:10.498 [main] INFO  testCases.TC002_LoginTest - Validation successful..
14:00:10.498 [main] INFO  testCases.TC002_LoginTest - ***TC002 finished***
15:03:17.757 [main] INFO  testCases.TC002_LoginTest - Using local execution process..
15:03:22.452 [main] INFO  testCases.TC002_LoginTest - Chrome browser launched..
15:03:22.471 [main] INFO  testCases.TC002_LoginTest - before hit URL...
15:03:31.693 [main] INFO  testCases.TC002_LoginTest - hit URL...
15:03:31.794 [main] INFO  testCases.TC002_LoginTest - Starting TC002_LoginTest...
15:03:32.348 [main] INFO  testCases.TC002_LoginTest - Clicked my Account
15:03:33.771 [main] INFO  testCases.TC002_LoginTest - Clicked Login
15:03:37.005 [main] INFO  testCases.TC002_LoginTest - Email id received..
15:03:40.103 [main] INFO  testCases.TC002_LoginTest - Password received..
15:03:44.483 [main] INFO  testCases.TC002_LoginTest - Clicked Login button with credential..
15:03:48.099 [main] INFO  testCases.TC002_LoginTest - Validating web element- MY ACCOUNT.....
15:03:48.164 [main] INFO  testCases.TC002_LoginTest - Validation successful..
15:03:48.164 [main] INFO  testCases.TC002_LoginTest - ***TC002 finished***
