18:58:10.352 [TestNG-tests-2] INFO  testCases.TC002_LoginTest - Password received..
18:58:11.605 [TestNG-tests-1] INFO  testCases.TC002_LoginTest - Clicked Login button with credential..
18:58:13.689 [TestNG-tests-2] INFO  testCases.TC002_LoginTest - Clicked Login button with credential..
18:58:14.804 [TestNG-tests-1] INFO  testCases.TC002_LoginTest - Validating web element- MY ACCOUNT.....
18:58:16.699 [TestNG-tests-2] INFO  testCases.TC002_LoginTest - Validating web element- MY ACCOUNT.....
18:58:42.311 [main] INFO  org.testng.internal.Utils - [TestNG] Running:
  D:\OpencartV121\crossbrowserTesting.xml

18:58:42.450 [TestNG-tests-1] INFO  testCases.TC002_LoginTest - Using local execution process..
18:58:42.540 [TestNG-tests-2] INFO  testCases.TC002_LoginTest - Using local execution process..
18:58:44.192 [TestNG-tests-1] INFO  testCases.TC002_LoginTest - Chrome browser launched..
18:58:44.214 [TestNG-tests-1] INFO  testCases.TC002_LoginTest - before hit URL...
18:58:44.896 [TestNG-tests-1] INFO  testCases.TC002_LoginTest - hit URL...
18:58:44.936 [TestNG-tests-1] INFO  testCases.TC002_LoginTest - Starting TC002_LoginTest...
18:58:46.566 [TestNG-tests-2] INFO  testCases.TC002_LoginTest - Firefox browser launched..
18:58:46.581 [TestNG-tests-2] INFO  testCases.TC002_LoginTest - before hit URL...
18:58:47.177 [TestNG-tests-2] INFO  testCases.TC002_LoginTest - hit URL...
18:58:47.183 [TestNG-tests-2] INFO  testCases.TC002_LoginTest - Starting TC002_LoginTest...
18:58:47.450 [TestNG-tests-2] INFO  testCases.TC002_LoginTest - Clicked my Account
18:58:48.074 [TestNG-tests-2] INFO  testCases.TC002_LoginTest - Clicked Login
18:58:51.159 [TestNG-tests-2] INFO  testCases.TC002_LoginTest - Email id received..
18:58:54.204 [TestNG-tests-2] INFO  testCases.TC002_LoginTest - Password received..
18:59:29.886 [main] INFO  org.testng.internal.Utils - [TestNG] Running:
  D:\OpencartV121\crossbrowserTesting.xml

18:59:30.114 [TestNG-tests-1] INFO  testCases.TC002_LoginTest - Using local execution process..
18:59:30.114 [TestNG-tests-2] INFO  testCases.TC002_LoginTest - Using local execution process..
18:59:31.824 [TestNG-tests-1] INFO  testCases.TC002_LoginTest - Chrome browser launched..
18:59:31.841 [TestNG-tests-1] INFO  testCases.TC002_LoginTest - before hit URL...
18:59:32.433 [TestNG-tests-1] INFO  testCases.TC002_LoginTest - hit URL...
18:59:32.476 [TestNG-tests-1] INFO  testCases.TC002_LoginTest - Starting TC002_LoginTest...
18:59:34.350 [TestNG-tests-2] INFO  testCases.TC002_LoginTest - Firefox browser launched..
18:59:34.369 [TestNG-tests-2] INFO  testCases.TC002_LoginTest - before hit URL...
18:59:34.954 [TestNG-tests-2] INFO  testCases.TC002_LoginTest - hit URL...
18:59:34.959 [TestNG-tests-2] INFO  testCases.TC002_LoginTest - Starting TC002_LoginTest...
18:59:35.219 [TestNG-tests-2] INFO  testCases.TC002_LoginTest - Clicked my Account
18:59:35.897 [TestNG-tests-2] INFO  testCases.TC002_LoginTest - Clicked Login
18:59:38.973 [TestNG-tests-2] INFO  testCases.TC002_LoginTest - Email id received..
19:00:58.450 [main] INFO  org.testng.internal.Utils - [TestNG] Running:
  D:\OpencartV121\crossbrowserTesting.xml

19:00:58.674 [TestNG-tests-1] INFO  testCases.TC002_LoginTest - Using local execution process..
19:00:58.674 [TestNG-tests-2] INFO  testCases.TC002_LoginTest - Using local execution process..
19:01:00.549 [TestNG-tests-1] INFO  testCases.TC002_LoginTest - Chrome browser launched..
19:01:00.572 [TestNG-tests-1] INFO  testCases.TC002_LoginTest - before hit URL...
19:01:01.257 [TestNG-tests-1] INFO  testCases.TC002_LoginTest - hit URL...
19:01:01.416 [TestNG-tests-1] INFO  testCases.TC002_LoginTest - Starting TC002_LoginTest...
19:01:02.181 [TestNG-tests-1] INFO  testCases.TC002_LoginTest - Clicked my Account
19:01:02.724 [TestNG-tests-1] INFO  testCases.TC002_LoginTest - Clicked Login
19:01:03.476 [TestNG-tests-2] INFO  testCases.TC002_LoginTest - Firefox browser launched..
19:01:03.488 [TestNG-tests-2] INFO  testCases.TC002_LoginTest - before hit URL...
19:01:04.024 [TestNG-tests-2] INFO  testCases.TC002_LoginTest - hit URL...
19:01:04.311 [TestNG-tests-2] INFO  testCases.TC002_LoginTest - Starting TC002_LoginTest...
19:01:04.555 [TestNG-tests-2] INFO  testCases.TC002_LoginTest - Clicked my Account
19:01:05.113 [TestNG-tests-2] INFO  testCases.TC002_LoginTest - Clicked Login
19:01:05.920 [TestNG-tests-1] INFO  testCases.TC002_LoginTest - Email id received..
19:01:08.152 [TestNG-tests-2] INFO  testCases.TC002_LoginTest - Email id received..
19:01:08.967 [TestNG-tests-1] INFO  testCases.TC002_LoginTest - Password received..
19:01:11.192 [TestNG-tests-2] INFO  testCases.TC002_LoginTest - Password received..
19:01:12.308 [TestNG-tests-1] INFO  testCases.TC002_LoginTest - Clicked Login button with credential..
19:01:14.554 [TestNG-tests-2] INFO  testCases.TC002_LoginTest - Clicked Login button with credential..
19:01:23.016 [TestNG-tests-1] INFO  testCases.TC002_LoginTest - Validating web element- MY ACCOUNT.....
